<?xml version="1.0" encoding="UTF-8"?>
<!-- Generated by org.testng.reporters.JUnitReportReporter -->
<testsuite hostname="DELL-LATITUDE" failures="0" tests="4" name="Olu1.standByLinks2" time="82.793" errors="0" timestamp="2024-05-12T16:16:14 BST" skipped="1">
  <testcase classname="Olu1.standByLinks2" name="OrderVal" time="12.546"/>
  <system-out/>
  <testcase classname="Olu1.standByLinks2" name="submitOrderr" time="15.628"/>
  <system-out/>
  <testcase classname="Olu1.standByLinks2" name="submitOrderr" time="19.138"/>
  <system-out/>
  <testcase classname="Olu1.standByLinks2" name="submitOrderr" time="35.481">
    <skipped/>
  </testcase> <!-- submitOrderr -->
  <system-out/>
</testsuite> <!-- Olu1.standByLinks2 -->
