<?xml version="1.0" encoding="UTF-8"?>
<!-- Generated by org.testng.reporters.JUnitReportReporter -->
<testsuite hostname="DELL-LATITUDE" failures="0" tests="2" name="Olu1.ErrorValidation" time="54.670" errors="0" timestamp="2024-05-13T11:40:23 BST" skipped="0">
  <testcase classname="Olu1.ErrorValidation" name="loginErrorValidation" time="25.923"/>
  <testcase classname="Olu1.ErrorValidation" name="CartProductErrorValidation" time="28.747"/>
</testsuite> <!-- Olu1.ErrorValidation -->
